Analysis & Synthesis report for ascensor
Thu Mar 27 17:26:08 2025
Quartus II 64-Bit Version 13.1.0 Build 162 10/23/2013 SJ Web Edition


---------------------
; Table of Contents ;
---------------------
  1. Legal Notice
  2. Analysis & Synthesis Summary
  3. Analysis & Synthesis Settings
  4. Parallel Compilation
  5. Analysis & Synthesis Source Files Read
  6. Analysis & Synthesis Resource Usage Summary
  7. Analysis & Synthesis Resource Utilization by Entity
  8. Registers Removed During Synthesis
  9. General Register Statistics
 10. Inverted Register Statistics
 11. Multiplexer Restructuring Statistics (Restructuring Performed)
 12. Parameter Settings for User Entity Instance: control:U3|restador:U1
 13. Parameter Settings for User Entity Instance: control:U3|restador:U2
 14. Parameter Settings for User Entity Instance: control:U3|comparadorNbits:U3
 15. Parameter Settings for User Entity Instance: control:U3|comparadorNbits:U4
 16. Parameter Settings for User Entity Instance: control:U3|comparadorNbits:U5
 17. Parameter Settings for User Entity Instance: control:U3|comparadorNbits:U8
 18. Parameter Settings for User Entity Instance: controlPuerta:U4|comparadorNbits:U4
 19. Parameter Settings for User Entity Instance: controlPuerta:U4|comparadorNbits:U5
 20. Port Connectivity Checks: "deco7seg:U5"
 21. Port Connectivity Checks: "controlPuerta:U4|comparadorNbits:U5"
 22. Port Connectivity Checks: "controlPuerta:U4|comparadorNbits:U4"
 23. Port Connectivity Checks: "controlPuerta:U4|contadorSeg:U3"
 24. Port Connectivity Checks: "controlPuerta:U4|div_frec:U2"
 25. Port Connectivity Checks: "control:U3|comparadorNbits:U8"
 26. Port Connectivity Checks: "control:U3|contadorPersonas:U7"
 27. Port Connectivity Checks: "control:U3|comparadorNbits:U5"
 28. Port Connectivity Checks: "control:U3|comparadorNbits:U4"
 29. Port Connectivity Checks: "control:U3|comparadorNbits:U3"
 30. Port Connectivity Checks: "div_frec:U6"
 31. Port Connectivity Checks: "registros:U1|codificador:U1"
 32. Elapsed Time Per Partition
 33. Analysis & Synthesis Messages



----------------
; Legal Notice ;
----------------
Copyright (C) 1991-2013 Altera Corporation
Your use of Altera Corporation's design tools, logic functions 
and other software and tools, and its AMPP partner logic 
functions, and any output files from any of the foregoing 
(including device programming or simulation files), and any 
associated documentation or information are expressly subject 
to the terms and conditions of the Altera Program License 
Subscription Agreement, Altera MegaCore Function License 
Agreement, or other applicable license agreement, including, 
without limitation, that your use is for the sole purpose of 
programming logic devices manufactured by Altera and sold by 
Altera or its authorized distributors.  Please refer to the 
applicable agreement for further details.



+---------------------------------------------------------------------------------+
; Analysis & Synthesis Summary                                                    ;
+------------------------------------+--------------------------------------------+
; Analysis & Synthesis Status        ; Successful - Thu Mar 27 17:26:08 2025      ;
; Quartus II 64-Bit Version          ; 13.1.0 Build 162 10/23/2013 SJ Web Edition ;
; Revision Name                      ; ascensor                                   ;
; Top-level Entity Name              ; ascensor                                   ;
; Family                             ; Cyclone III                                ;
; Total logic elements               ; 190                                        ;
;     Total combinational functions  ; 180                                        ;
;     Dedicated logic registers      ; 61                                         ;
; Total registers                    ; 61                                         ;
; Total pins                         ; 28                                         ;
; Total virtual pins                 ; 0                                          ;
; Total memory bits                  ; 0                                          ;
; Embedded Multiplier 9-bit elements ; 0                                          ;
; Total PLLs                         ; 0                                          ;
+------------------------------------+--------------------------------------------+


+----------------------------------------------------------------------------------------------------------------------+
; Analysis & Synthesis Settings                                                                                        ;
+----------------------------------------------------------------------------+--------------------+--------------------+
; Option                                                                     ; Setting            ; Default Value      ;
+----------------------------------------------------------------------------+--------------------+--------------------+
; Device                                                                     ; EP3C16F484C6       ;                    ;
; Top-level entity name                                                      ; ascensor           ; ascensor           ;
; Family name                                                                ; Cyclone III        ; Cyclone IV GX      ;
; Use smart compilation                                                      ; Off                ; Off                ;
; Enable parallel Assembler and TimeQuest Timing Analyzer during compilation ; On                 ; On                 ;
; Enable compact report table                                                ; Off                ; Off                ;
; Restructure Multiplexers                                                   ; Auto               ; Auto               ;
; Create Debugging Nodes for IP Cores                                        ; Off                ; Off                ;
; Preserve fewer node names                                                  ; On                 ; On                 ;
; Disable OpenCore Plus hardware evaluation                                  ; Off                ; Off                ;
; Verilog Version                                                            ; Verilog_2001       ; Verilog_2001       ;
; VHDL Version                                                               ; VHDL_1993          ; VHDL_1993          ;
; State Machine Processing                                                   ; Auto               ; Auto               ;
; Safe State Machine                                                         ; Off                ; Off                ;
; Extract Verilog State Machines                                             ; On                 ; On                 ;
; Extract VHDL State Machines                                                ; On                 ; On                 ;
; Ignore Verilog initial constructs                                          ; Off                ; Off                ;
; Iteration limit for constant Verilog loops                                 ; 5000               ; 5000               ;
; Iteration limit for non-constant Verilog loops                             ; 250                ; 250                ;
; Add Pass-Through Logic to Inferred RAMs                                    ; On                 ; On                 ;
; Infer RAMs from Raw Logic                                                  ; On                 ; On                 ;
; Parallel Synthesis                                                         ; On                 ; On                 ;
; DSP Block Balancing                                                        ; Auto               ; Auto               ;
; NOT Gate Push-Back                                                         ; On                 ; On                 ;
; Power-Up Don't Care                                                        ; On                 ; On                 ;
; Remove Redundant Logic Cells                                               ; Off                ; Off                ;
; Remove Duplicate Registers                                                 ; On                 ; On                 ;
; Ignore CARRY Buffers                                                       ; Off                ; Off                ;
; Ignore CASCADE Buffers                                                     ; Off                ; Off                ;
; Ignore GLOBAL Buffers                                                      ; Off                ; Off                ;
; Ignore ROW GLOBAL Buffers                                                  ; Off                ; Off                ;
; Ignore LCELL Buffers                                                       ; Off                ; Off                ;
; Ignore SOFT Buffers                                                        ; On                 ; On                 ;
; Limit AHDL Integers to 32 Bits                                             ; Off                ; Off                ;
; Optimization Technique                                                     ; Balanced           ; Balanced           ;
; Carry Chain Length                                                         ; 70                 ; 70                 ;
; Auto Carry Chains                                                          ; On                 ; On                 ;
; Auto Open-Drain Pins                                                       ; On                 ; On                 ;
; Perform WYSIWYG Primitive Resynthesis                                      ; Off                ; Off                ;
; Auto ROM Replacement                                                       ; On                 ; On                 ;
; Auto RAM Replacement                                                       ; On                 ; On                 ;
; Auto DSP Block Replacement                                                 ; On                 ; On                 ;
; Auto Shift Register Replacement                                            ; Auto               ; Auto               ;
; Allow Shift Register Merging across Hierarchies                            ; Auto               ; Auto               ;
; Auto Clock Enable Replacement                                              ; On                 ; On                 ;
; Strict RAM Replacement                                                     ; Off                ; Off                ;
; Allow Synchronous Control Signals                                          ; On                 ; On                 ;
; Force Use of Synchronous Clear Signals                                     ; Off                ; Off                ;
; Auto RAM Block Balancing                                                   ; On                 ; On                 ;
; Auto RAM to Logic Cell Conversion                                          ; Off                ; Off                ;
; Auto Resource Sharing                                                      ; Off                ; Off                ;
; Allow Any RAM Size For Recognition                                         ; Off                ; Off                ;
; Allow Any ROM Size For Recognition                                         ; Off                ; Off                ;
; Allow Any Shift Register Size For Recognition                              ; Off                ; Off                ;
; Use LogicLock Constraints during Resource Balancing                        ; On                 ; On                 ;
; Ignore translate_off and synthesis_off directives                          ; Off                ; Off                ;
; Timing-Driven Synthesis                                                    ; On                 ; On                 ;
; Report Parameter Settings                                                  ; On                 ; On                 ;
; Report Source Assignments                                                  ; On                 ; On                 ;
; Report Connectivity Checks                                                 ; On                 ; On                 ;
; Ignore Maximum Fan-Out Assignments                                         ; Off                ; Off                ;
; Synchronization Register Chain Length                                      ; 2                  ; 2                  ;
; PowerPlay Power Optimization                                               ; Normal compilation ; Normal compilation ;
; HDL message level                                                          ; Level2             ; Level2             ;
; Suppress Register Optimization Related Messages                            ; Off                ; Off                ;
; Number of Removed Registers Reported in Synthesis Report                   ; 5000               ; 5000               ;
; Number of Swept Nodes Reported in Synthesis Report                         ; 5000               ; 5000               ;
; Number of Inverted Registers Reported in Synthesis Report                  ; 100                ; 100                ;
; Clock MUX Protection                                                       ; On                 ; On                 ;
; Auto Gated Clock Conversion                                                ; Off                ; Off                ;
; Block Design Naming                                                        ; Auto               ; Auto               ;
; SDC constraint protection                                                  ; Off                ; Off                ;
; Synthesis Effort                                                           ; Auto               ; Auto               ;
; Shift Register Replacement - Allow Asynchronous Clear Signal               ; On                 ; On                 ;
; Pre-Mapping Resynthesis Optimization                                       ; Off                ; Off                ;
; Analysis & Synthesis Message Level                                         ; Medium             ; Medium             ;
; Disable Register Merging Across Hierarchies                                ; Auto               ; Auto               ;
; Resource Aware Inference For Block RAM                                     ; On                 ; On                 ;
; Synthesis Seed                                                             ; 1                  ; 1                  ;
+----------------------------------------------------------------------------+--------------------+--------------------+


+------------------------------------------+
; Parallel Compilation                     ;
+----------------------------+-------------+
; Processors                 ; Number      ;
+----------------------------+-------------+
; Number detected on machine ; 12          ;
; Maximum allowed            ; 10          ;
;                            ;             ;
; Average used               ; 1.00        ;
; Maximum used               ; 2           ;
;                            ;             ;
; Usage by Processor         ; % Time Used ;
;     Processor 1            ; 100.0%      ;
;     Processor 2            ; < 0.1%      ;
;     Processors 3-12        ;   0.0%      ;
+----------------------------+-------------+


+----------------------------------------------------------------------------------------------------------------------------------------------------------------------+
; Analysis & Synthesis Source Files Read                                                                                                                               ;
+-------------------------------------------------------+-----------------+-----------------+----------------------------------------------------------------+---------+
; File Name with User-Entered Path                      ; Used in Netlist ; File Type       ; File Name with Absolute Path                                   ; Library ;
+-------------------------------------------------------+-----------------+-----------------+----------------------------------------------------------------+---------+
; ../detectorCambio/detectorCambio.vhd                  ; yes             ; User VHDL File  ; C:/altera/13.1/VHDL/detectorCambio/detectorCambio.vhd          ;         ;
; ../../componentes/deco7seg/deco7seg.vhd               ; yes             ; User VHDL File  ; C:/altera/13.1/componentes/deco7seg/deco7seg.vhd               ;         ;
; ../codificador/codificador.vhd                        ; yes             ; User VHDL File  ; C:/altera/13.1/VHDL/codificador/codificador.vhd                ;         ;
; ../../componentes/contadorSeg/contadorSeg.vhd         ; yes             ; User VHDL File  ; C:/altera/13.1/componentes/contadorSeg/contadorSeg.vhd         ;         ;
; ../../componentes/div_frec/div_frec.vhd               ; yes             ; User VHDL File  ; C:/altera/13.1/componentes/div_frec/div_frec.vhd               ;         ;
; ../../detectorSenal/detectorSenal.vhd                 ; yes             ; User VHDL File  ; C:/altera/13.1/detectorSenal/detectorSenal.vhd                 ;         ;
; ../contadorPersonas/contadorPersonas.vhd              ; yes             ; User VHDL File  ; C:/altera/13.1/VHDL/contadorPersonas/contadorPersonas.vhd      ;         ;
; ../../componentes/sensorPersonas/sensorPersonas.vhd   ; yes             ; User VHDL File  ; C:/altera/13.1/componentes/sensorPersonas/sensorPersonas.vhd   ;         ;
; ../../componentes/restador/restador.vhd               ; yes             ; User VHDL File  ; C:/altera/13.1/componentes/restador/restador.vhd               ;         ;
; ../../componentes/comparadorNbits/comparadorNbits.vhd ; yes             ; User VHDL File  ; C:/altera/13.1/componentes/comparadorNbits/comparadorNbits.vhd ;         ;
; ../registros/registros.vhd                            ; yes             ; User VHDL File  ; C:/altera/13.1/VHDL/registros/registros.vhd                    ;         ;
; ../detectorPiso/detectorPiso.vhd                      ; yes             ; User VHDL File  ; C:/altera/13.1/VHDL/detectorPiso/detectorPiso.vhd              ;         ;
; ../controlPuerta/controlPuerta.vhd                    ; yes             ; User VHDL File  ; C:/altera/13.1/VHDL/controlPuerta/controlPuerta.vhd            ;         ;
; ../control/control.vhd                                ; yes             ; User VHDL File  ; C:/altera/13.1/VHDL/control/control.vhd                        ;         ;
; ascensor.vhd                                          ; yes             ; User VHDL File  ; C:/altera/13.1/VHDL/ascensor/ascensor.vhd                      ;         ;
+-------------------------------------------------------+-----------------+-----------------+----------------------------------------------------------------+---------+


+---------------------------------------------------------+
; Analysis & Synthesis Resource Usage Summary             ;
+---------------------------------------------+-----------+
; Resource                                    ; Usage     ;
+---------------------------------------------+-----------+
; Estimated Total logic elements              ; 190       ;
;                                             ;           ;
; Total combinational functions               ; 180       ;
; Logic element usage by number of LUT inputs ;           ;
;     -- 4 input functions                    ; 73        ;
;     -- 3 input functions                    ; 42        ;
;     -- <=2 input functions                  ; 65        ;
;                                             ;           ;
; Logic elements by mode                      ;           ;
;     -- normal mode                          ; 118       ;
;     -- arithmetic mode                      ; 62        ;
;                                             ;           ;
; Total registers                             ; 61        ;
;     -- Dedicated logic registers            ; 61        ;
;     -- I/O registers                        ; 0         ;
;                                             ;           ;
; I/O pins                                    ; 28        ;
; Embedded Multiplier 9-bit elements          ; 0         ;
; Maximum fan-out node                        ; clk~input ;
; Maximum fan-out                             ; 50        ;
; Total fan-out                               ; 729       ;
; Average fan-out                             ; 2.45      ;
+---------------------------------------------+-----------+


+--------------------------------------------------------------------------------------------------------------------------------------------------------------------------------------------------------+
; Analysis & Synthesis Resource Utilization by Entity                                                                                                                                                    ;
+-----------------------------+-------------------+--------------+-------------+--------------+---------+-----------+------+--------------+-----------------------------------------------+--------------+
; Compilation Hierarchy Node  ; LC Combinationals ; LC Registers ; Memory Bits ; DSP Elements ; DSP 9x9 ; DSP 18x18 ; Pins ; Virtual Pins ; Full Hierarchy Name                           ; Library Name ;
+-----------------------------+-------------------+--------------+-------------+--------------+---------+-----------+------+--------------+-----------------------------------------------+--------------+
; |ascensor                   ; 180 (0)           ; 61 (0)       ; 0           ; 0            ; 0       ; 0         ; 28   ; 0            ; |ascensor                                     ; work         ;
;    |control:U3|             ; 51 (9)            ; 10 (0)       ; 0           ; 0            ; 0       ; 0         ; 0    ; 0            ; |ascensor|control:U3                          ; work         ;
;       |comparadorNbits:U3|  ; 3 (3)             ; 0 (0)        ; 0           ; 0            ; 0       ; 0         ; 0    ; 0            ; |ascensor|control:U3|comparadorNbits:U3       ; work         ;
;       |comparadorNbits:U4|  ; 1 (1)             ; 0 (0)        ; 0           ; 0            ; 0       ; 0         ; 0    ; 0            ; |ascensor|control:U3|comparadorNbits:U4       ; work         ;
;       |comparadorNbits:U5|  ; 1 (1)             ; 0 (0)        ; 0           ; 0            ; 0       ; 0         ; 0    ; 0            ; |ascensor|control:U3|comparadorNbits:U5       ; work         ;
;       |comparadorNbits:U8|  ; 1 (1)             ; 0 (0)        ; 0           ; 0            ; 0       ; 0         ; 0    ; 0            ; |ascensor|control:U3|comparadorNbits:U8       ; work         ;
;       |contadorPersonas:U7| ; 9 (9)             ; 4 (4)        ; 0           ; 0            ; 0       ; 0         ; 0    ; 0            ; |ascensor|control:U3|contadorPersonas:U7      ; work         ;
;       |restador:U1|         ; 10 (10)           ; 0 (0)        ; 0           ; 0            ; 0       ; 0         ; 0    ; 0            ; |ascensor|control:U3|restador:U1              ; work         ;
;       |restador:U2|         ; 10 (10)           ; 0 (0)        ; 0           ; 0            ; 0       ; 0         ; 0    ; 0            ; |ascensor|control:U3|restador:U2              ; work         ;
;       |sensorPersonas:U6|   ; 7 (7)             ; 6 (6)        ; 0           ; 0            ; 0       ; 0         ; 0    ; 0            ; |ascensor|control:U3|sensorPersonas:U6        ; work         ;
;    |controlPuerta:U4|       ; 64 (0)            ; 35 (0)       ; 0           ; 0            ; 0       ; 0         ; 0    ; 0            ; |ascensor|controlPuerta:U4                    ; work         ;
;       |comparadorNbits:U4|  ; 2 (2)             ; 0 (0)        ; 0           ; 0            ; 0       ; 0         ; 0    ; 0            ; |ascensor|controlPuerta:U4|comparadorNbits:U4 ; work         ;
;       |comparadorNbits:U5|  ; 3 (3)             ; 0 (0)        ; 0           ; 0            ; 0       ; 0         ; 0    ; 0            ; |ascensor|controlPuerta:U4|comparadorNbits:U5 ; work         ;
;       |contadorSeg:U3|      ; 10 (10)           ; 6 (6)        ; 0           ; 0            ; 0       ; 0         ; 0    ; 0            ; |ascensor|controlPuerta:U4|contadorSeg:U3     ; work         ;
;       |detectorCambio:U1|   ; 2 (2)             ; 3 (3)        ; 0           ; 0            ; 0       ; 0         ; 0    ; 0            ; |ascensor|controlPuerta:U4|detectorCambio:U1  ; work         ;
;       |div_frec:U2|         ; 47 (47)           ; 26 (26)      ; 0           ; 0            ; 0       ; 0         ; 0    ; 0            ; |ascensor|controlPuerta:U4|div_frec:U2        ; work         ;
;    |deco7seg:U5|            ; 7 (7)             ; 0 (0)        ; 0           ; 0            ; 0       ; 0         ; 0    ; 0            ; |ascensor|deco7seg:U5                         ; work         ;
;    |detectorPiso:U2|        ; 10 (10)           ; 5 (5)        ; 0           ; 0            ; 0       ; 0         ; 0    ; 0            ; |ascensor|detectorPiso:U2                     ; work         ;
;    |div_frec:U6|            ; 33 (33)           ; 1 (1)        ; 0           ; 0            ; 0       ; 0         ; 0    ; 0            ; |ascensor|div_frec:U6                         ; work         ;
;    |registros:U1|           ; 15 (0)            ; 10 (0)       ; 0           ; 0            ; 0       ; 0         ; 0    ; 0            ; |ascensor|registros:U1                        ; work         ;
;       |codificador:U1|      ; 8 (8)             ; 0 (0)        ; 0           ; 0            ; 0       ; 0         ; 0    ; 0            ; |ascensor|registros:U1|codificador:U1         ; work         ;
;       |detectorSenal:U2|    ; 7 (7)             ; 10 (10)      ; 0           ; 0            ; 0       ; 0         ; 0    ; 0            ; |ascensor|registros:U1|detectorSenal:U2       ; work         ;
+-----------------------------+-------------------+--------------+-------------+--------------+---------+-----------+------+--------------+-----------------------------------------------+--------------+
Note: For table entries with two numbers listed, the numbers in parentheses indicate the number of resources of the given type used by the specific entity alone. The numbers listed outside of parentheses indicate the total resources of the given type used by the specific entity and all of its sub-entities in the hierarchy.


+----------------------------------------------------------------------------------------------+
; Registers Removed During Synthesis                                                           ;
+----------------------------------------+-----------------------------------------------------+
; Register name                          ; Reason for Removal                                  ;
+----------------------------------------+-----------------------------------------------------+
; div_frec:U6|count2[24]                 ; Merged with controlPuerta:U4|div_frec:U2|count2[24] ;
; div_frec:U6|count2[23]                 ; Merged with controlPuerta:U4|div_frec:U2|count2[23] ;
; div_frec:U6|count2[22]                 ; Merged with controlPuerta:U4|div_frec:U2|count2[22] ;
; div_frec:U6|count2[21]                 ; Merged with controlPuerta:U4|div_frec:U2|count2[21] ;
; div_frec:U6|count2[20]                 ; Merged with controlPuerta:U4|div_frec:U2|count2[20] ;
; div_frec:U6|count2[19]                 ; Merged with controlPuerta:U4|div_frec:U2|count2[19] ;
; div_frec:U6|count2[18]                 ; Merged with controlPuerta:U4|div_frec:U2|count2[18] ;
; div_frec:U6|count2[17]                 ; Merged with controlPuerta:U4|div_frec:U2|count2[17] ;
; div_frec:U6|count2[16]                 ; Merged with controlPuerta:U4|div_frec:U2|count2[16] ;
; div_frec:U6|count2[15]                 ; Merged with controlPuerta:U4|div_frec:U2|count2[15] ;
; div_frec:U6|count2[14]                 ; Merged with controlPuerta:U4|div_frec:U2|count2[14] ;
; div_frec:U6|count2[13]                 ; Merged with controlPuerta:U4|div_frec:U2|count2[13] ;
; div_frec:U6|count2[12]                 ; Merged with controlPuerta:U4|div_frec:U2|count2[12] ;
; div_frec:U6|count2[11]                 ; Merged with controlPuerta:U4|div_frec:U2|count2[11] ;
; div_frec:U6|count2[10]                 ; Merged with controlPuerta:U4|div_frec:U2|count2[10] ;
; div_frec:U6|count2[9]                  ; Merged with controlPuerta:U4|div_frec:U2|count2[9]  ;
; div_frec:U6|count2[8]                  ; Merged with controlPuerta:U4|div_frec:U2|count2[8]  ;
; div_frec:U6|count2[7]                  ; Merged with controlPuerta:U4|div_frec:U2|count2[7]  ;
; div_frec:U6|count2[6]                  ; Merged with controlPuerta:U4|div_frec:U2|count2[6]  ;
; div_frec:U6|count2[5]                  ; Merged with controlPuerta:U4|div_frec:U2|count2[5]  ;
; div_frec:U6|count2[4]                  ; Merged with controlPuerta:U4|div_frec:U2|count2[4]  ;
; div_frec:U6|count2[3]                  ; Merged with controlPuerta:U4|div_frec:U2|count2[3]  ;
; div_frec:U6|count2[2]                  ; Merged with controlPuerta:U4|div_frec:U2|count2[2]  ;
; div_frec:U6|count2[1]                  ; Merged with controlPuerta:U4|div_frec:U2|count2[1]  ;
; div_frec:U6|count2[0]                  ; Merged with controlPuerta:U4|div_frec:U2|count2[0]  ;
; Total Number of Removed Registers = 25 ;                                                     ;
+----------------------------------------+-----------------------------------------------------+


+------------------------------------------------------+
; General Register Statistics                          ;
+----------------------------------------------+-------+
; Statistic                                    ; Value ;
+----------------------------------------------+-------+
; Total registers                              ; 61    ;
; Number of registers using Synchronous Clear  ; 0     ;
; Number of registers using Synchronous Load   ; 0     ;
; Number of registers using Asynchronous Clear ; 13    ;
; Number of registers using Asynchronous Load  ; 0     ;
; Number of registers using Clock Enable       ; 15    ;
; Number of registers using Preset             ; 0     ;
+----------------------------------------------+-------+


+--------------------------------------------------+
; Inverted Register Statistics                     ;
+----------------------------------------+---------+
; Inverted Register                      ; Fan out ;
+----------------------------------------+---------+
; detectorPiso:U2|piso[0]                ; 17      ;
; Total number of inverted registers = 1 ;         ;
+----------------------------------------+---------+


+---------------------------------------------------------------------------------------------------------------------------------------------------------------+
; Multiplexer Restructuring Statistics (Restructuring Performed)                                                                                                ;
+--------------------+-----------+---------------+----------------------+------------------------+------------+-------------------------------------------------+
; Multiplexer Inputs ; Bus Width ; Baseline Area ; Area if Restructured ; Saving if Restructured ; Registered ; Example Multiplexer Output                      ;
+--------------------+-----------+---------------+----------------------+------------------------+------------+-------------------------------------------------+
; 4:1                ; 3 bits    ; 6 LEs         ; 3 LEs                ; 3 LEs                  ; Yes        ; |ascensor|control:U3|contadorPersonas:U7|cnt[3] ;
; 5:1                ; 2 bits    ; 6 LEs         ; 2 LEs                ; 4 LEs                  ; Yes        ; |ascensor|detectorPiso:U2|piso[1]               ;
+--------------------+-----------+---------------+----------------------+------------------------+------------+-------------------------------------------------+


+---------------------------------------------------------------------+
; Parameter Settings for User Entity Instance: control:U3|restador:U1 ;
+----------------+-------+--------------------------------------------+
; Parameter Name ; Value ; Type                                       ;
+----------------+-------+--------------------------------------------+
; n              ; 3     ; Signed Integer                             ;
+----------------+-------+--------------------------------------------+
Note: In order to hide this table in the UI and the text report file, please set the "Show Parameter Settings in Synthesis Report" option in "Analysis and Synthesis Settings -> More Settings" to "Off".


+---------------------------------------------------------------------+
; Parameter Settings for User Entity Instance: control:U3|restador:U2 ;
+----------------+-------+--------------------------------------------+
; Parameter Name ; Value ; Type                                       ;
+----------------+-------+--------------------------------------------+
; n              ; 3     ; Signed Integer                             ;
+----------------+-------+--------------------------------------------+
Note: In order to hide this table in the UI and the text report file, please set the "Show Parameter Settings in Synthesis Report" option in "Analysis and Synthesis Settings -> More Settings" to "Off".


+----------------------------------------------------------------------------+
; Parameter Settings for User Entity Instance: control:U3|comparadorNbits:U3 ;
+----------------+-------+---------------------------------------------------+
; Parameter Name ; Value ; Type                                              ;
+----------------+-------+---------------------------------------------------+
; n              ; 4     ; Signed Integer                                    ;
+----------------+-------+---------------------------------------------------+
Note: In order to hide this table in the UI and the text report file, please set the "Show Parameter Settings in Synthesis Report" option in "Analysis and Synthesis Settings -> More Settings" to "Off".


+----------------------------------------------------------------------------+
; Parameter Settings for User Entity Instance: control:U3|comparadorNbits:U4 ;
+----------------+-------+---------------------------------------------------+
; Parameter Name ; Value ; Type                                              ;
+----------------+-------+---------------------------------------------------+
; n              ; 4     ; Signed Integer                                    ;
+----------------+-------+---------------------------------------------------+
Note: In order to hide this table in the UI and the text report file, please set the "Show Parameter Settings in Synthesis Report" option in "Analysis and Synthesis Settings -> More Settings" to "Off".


+----------------------------------------------------------------------------+
; Parameter Settings for User Entity Instance: control:U3|comparadorNbits:U5 ;
+----------------+-------+---------------------------------------------------+
; Parameter Name ; Value ; Type                                              ;
+----------------+-------+---------------------------------------------------+
; n              ; 4     ; Signed Integer                                    ;
+----------------+-------+---------------------------------------------------+
Note: In order to hide this table in the UI and the text report file, please set the "Show Parameter Settings in Synthesis Report" option in "Analysis and Synthesis Settings -> More Settings" to "Off".


+----------------------------------------------------------------------------+
; Parameter Settings for User Entity Instance: control:U3|comparadorNbits:U8 ;
+----------------+-------+---------------------------------------------------+
; Parameter Name ; Value ; Type                                              ;
+----------------+-------+---------------------------------------------------+
; n              ; 4     ; Signed Integer                                    ;
+----------------+-------+---------------------------------------------------+
Note: In order to hide this table in the UI and the text report file, please set the "Show Parameter Settings in Synthesis Report" option in "Analysis and Synthesis Settings -> More Settings" to "Off".


+----------------------------------------------------------------------------------+
; Parameter Settings for User Entity Instance: controlPuerta:U4|comparadorNbits:U4 ;
+----------------+-------+---------------------------------------------------------+
; Parameter Name ; Value ; Type                                                    ;
+----------------+-------+---------------------------------------------------------+
; n              ; 6     ; Signed Integer                                          ;
+----------------+-------+---------------------------------------------------------+
Note: In order to hide this table in the UI and the text report file, please set the "Show Parameter Settings in Synthesis Report" option in "Analysis and Synthesis Settings -> More Settings" to "Off".


+----------------------------------------------------------------------------------+
; Parameter Settings for User Entity Instance: controlPuerta:U4|comparadorNbits:U5 ;
+----------------+-------+---------------------------------------------------------+
; Parameter Name ; Value ; Type                                                    ;
+----------------+-------+---------------------------------------------------------+
; n              ; 6     ; Signed Integer                                          ;
+----------------+-------+---------------------------------------------------------+
Note: In order to hide this table in the UI and the text report file, please set the "Show Parameter Settings in Synthesis Report" option in "Analysis and Synthesis Settings -> More Settings" to "Off".


+-----------------------------------------+
; Port Connectivity Checks: "deco7seg:U5" ;
+------+-------+----------+---------------+
; Port ; Type  ; Severity ; Details       ;
+------+-------+----------+---------------+
; a    ; Input ; Info     ; Stuck at GND  ;
+------+-------+----------+---------------+


+-------------------------------------------------------------------------------------------------------------------+
; Port Connectivity Checks: "controlPuerta:U4|comparadorNbits:U5"                                                   ;
+---------+--------+----------+-------------------------------------------------------------------------------------+
; Port    ; Type   ; Severity ; Details                                                                             ;
+---------+--------+----------+-------------------------------------------------------------------------------------+
; b[5..4] ; Input  ; Info     ; Stuck at VCC                                                                        ;
; b[2..0] ; Input  ; Info     ; Stuck at VCC                                                                        ;
; b[3]    ; Input  ; Info     ; Stuck at GND                                                                        ;
; amayb   ; Output ; Info     ; Connected to dangling logic. Logic that only feeds a dangling port will be removed. ;
; amenb   ; Output ; Info     ; Connected to dangling logic. Logic that only feeds a dangling port will be removed. ;
+---------+--------+----------+-------------------------------------------------------------------------------------+


+-------------------------------------------------------------------------------------------------------------------+
; Port Connectivity Checks: "controlPuerta:U4|comparadorNbits:U4"                                                   ;
+---------+--------+----------+-------------------------------------------------------------------------------------+
; Port    ; Type   ; Severity ; Details                                                                             ;
+---------+--------+----------+-------------------------------------------------------------------------------------+
; b[5..4] ; Input  ; Info     ; Stuck at GND                                                                        ;
; b[3]    ; Input  ; Info     ; Stuck at VCC                                                                        ;
; b[2]    ; Input  ; Info     ; Stuck at GND                                                                        ;
; b[1]    ; Input  ; Info     ; Stuck at VCC                                                                        ;
; b[0]    ; Input  ; Info     ; Stuck at GND                                                                        ;
; amayb   ; Output ; Info     ; Connected to dangling logic. Logic that only feeds a dangling port will be removed. ;
; amenb   ; Output ; Info     ; Connected to dangling logic. Logic that only feeds a dangling port will be removed. ;
+---------+--------+----------+-------------------------------------------------------------------------------------+


+----------------------------------------------------------------------------------------------------------------+
; Port Connectivity Checks: "controlPuerta:U4|contadorSeg:U3"                                                    ;
+------+--------+----------+-------------------------------------------------------------------------------------+
; Port ; Type   ; Severity ; Details                                                                             ;
+------+--------+----------+-------------------------------------------------------------------------------------+
; min  ; Output ; Info     ; Connected to dangling logic. Logic that only feeds a dangling port will be removed. ;
+------+--------+----------+-------------------------------------------------------------------------------------+


+----------------------------------------------------------------------------------------------------------------+
; Port Connectivity Checks: "controlPuerta:U4|div_frec:U2"                                                       ;
+------+--------+----------+-------------------------------------------------------------------------------------+
; Port ; Type   ; Severity ; Details                                                                             ;
+------+--------+----------+-------------------------------------------------------------------------------------+
; out1 ; Output ; Info     ; Connected to dangling logic. Logic that only feeds a dangling port will be removed. ;
+------+--------+----------+-------------------------------------------------------------------------------------+


+-----------------------------------------------------------------------------------------------------------------+
; Port Connectivity Checks: "control:U3|comparadorNbits:U8"                                                       ;
+-------+--------+----------+-------------------------------------------------------------------------------------+
; Port  ; Type   ; Severity ; Details                                                                             ;
+-------+--------+----------+-------------------------------------------------------------------------------------+
; b[3]  ; Input  ; Info     ; Stuck at VCC                                                                        ;
; b[2]  ; Input  ; Info     ; Stuck at GND                                                                        ;
; b[1]  ; Input  ; Info     ; Stuck at VCC                                                                        ;
; b[0]  ; Input  ; Info     ; Stuck at GND                                                                        ;
; aigub ; Output ; Info     ; Connected to dangling logic. Logic that only feeds a dangling port will be removed. ;
; amenb ; Output ; Info     ; Connected to dangling logic. Logic that only feeds a dangling port will be removed. ;
+-------+--------+----------+-------------------------------------------------------------------------------------+


+------------------------------------------------------------+
; Port Connectivity Checks: "control:U3|contadorPersonas:U7" ;
+-------+-------+----------+---------------------------------+
; Port  ; Type  ; Severity ; Details                         ;
+-------+-------+----------+---------------------------------+
; reset ; Input ; Info     ; Stuck at GND                    ;
+-------+-------+----------+---------------------------------+


+-----------------------------------------------------------------------------------------------------------------+
; Port Connectivity Checks: "control:U3|comparadorNbits:U5"                                                       ;
+-------+--------+----------+-------------------------------------------------------------------------------------+
; Port  ; Type   ; Severity ; Details                                                                             ;
+-------+--------+----------+-------------------------------------------------------------------------------------+
; a[3]  ; Input  ; Info     ; Stuck at GND                                                                        ;
; b     ; Input  ; Info     ; Stuck at GND                                                                        ;
; amayb ; Output ; Info     ; Connected to dangling logic. Logic that only feeds a dangling port will be removed. ;
; amenb ; Output ; Info     ; Connected to dangling logic. Logic that only feeds a dangling port will be removed. ;
+-------+--------+----------+-------------------------------------------------------------------------------------+


+-----------------------------------------------------------------------------------------------------------------+
; Port Connectivity Checks: "control:U3|comparadorNbits:U4"                                                       ;
+-------+--------+----------+-------------------------------------------------------------------------------------+
; Port  ; Type   ; Severity ; Details                                                                             ;
+-------+--------+----------+-------------------------------------------------------------------------------------+
; a[3]  ; Input  ; Info     ; Stuck at GND                                                                        ;
; b     ; Input  ; Info     ; Stuck at GND                                                                        ;
; amayb ; Output ; Info     ; Connected to dangling logic. Logic that only feeds a dangling port will be removed. ;
; amenb ; Output ; Info     ; Connected to dangling logic. Logic that only feeds a dangling port will be removed. ;
+-------+--------+----------+-------------------------------------------------------------------------------------+


+-----------------------------------------------------------+
; Port Connectivity Checks: "control:U3|comparadorNbits:U3" ;
+------+-------+----------+---------------------------------+
; Port ; Type  ; Severity ; Details                         ;
+------+-------+----------+---------------------------------+
; a[3] ; Input ; Info     ; Stuck at GND                    ;
; b[3] ; Input ; Info     ; Stuck at GND                    ;
+------+-------+----------+---------------------------------+


+----------------------------------------------------------------------------------------------------------------+
; Port Connectivity Checks: "div_frec:U6"                                                                        ;
+------+--------+----------+-------------------------------------------------------------------------------------+
; Port ; Type   ; Severity ; Details                                                                             ;
+------+--------+----------+-------------------------------------------------------------------------------------+
; out1 ; Output ; Info     ; Connected to dangling logic. Logic that only feeds a dangling port will be removed. ;
+------+--------+----------+-------------------------------------------------------------------------------------+


+------------------------------------------------------------------------------------------------------------------+
; Port Connectivity Checks: "registros:U1|codificador:U1"                                                          ;
+--------+--------+----------+-------------------------------------------------------------------------------------+
; Port   ; Type   ; Severity ; Details                                                                             ;
+--------+--------+----------+-------------------------------------------------------------------------------------+
; i0     ; Input  ; Info     ; Stuck at GND                                                                        ;
; i6     ; Input  ; Info     ; Stuck at GND                                                                        ;
; i7     ; Input  ; Info     ; Stuck at GND                                                                        ;
; valido ; Output ; Info     ; Connected to dangling logic. Logic that only feeds a dangling port will be removed. ;
+--------+--------+----------+-------------------------------------------------------------------------------------+


+-------------------------------+
; Elapsed Time Per Partition    ;
+----------------+--------------+
; Partition Name ; Elapsed Time ;
+----------------+--------------+
; Top            ; 00:00:00     ;
+----------------+--------------+


+-------------------------------+
; Analysis & Synthesis Messages ;
+-------------------------------+
Info: *******************************************************************
Info: Running Quartus II 64-Bit Analysis & Synthesis
    Info: Version 13.1.0 Build 162 10/23/2013 SJ Web Edition
    Info: Processing started: Thu Mar 27 17:26:06 2025
Info: Command: quartus_map --read_settings_files=on --write_settings_files=off ascensor -c ascensor
Info (11104): Parallel Compilation has detected 12 hyper-threaded processors. However, the extra hyper-threaded processors will not be used by default. Parallel Compilation will use 10 of the 10 physical processors detected instead.
Info (12021): Found 2 design units, including 1 entities, in source file /altera/13.1/vhdl/detectorcambio/detectorcambio.vhd
    Info (12022): Found design unit 1: detectorCambio-arch_detectorCambio
    Info (12023): Found entity 1: detectorCambio
Info (12021): Found 2 design units, including 1 entities, in source file /altera/13.1/componentes/deco7seg/deco7seg.vhd
    Info (12022): Found design unit 1: deco7seg-arch_deco7seg
    Info (12023): Found entity 1: deco7seg
Info (12021): Found 2 design units, including 1 entities, in source file /altera/13.1/vhdl/codificador/codificador.vhd
    Info (12022): Found design unit 1: codificador-arch_codificador
    Info (12023): Found entity 1: codificador
Info (12021): Found 2 design units, including 1 entities, in source file /altera/13.1/componentes/contadorseg/contadorseg.vhd
    Info (12022): Found design unit 1: contadorSeg-arch_contadorSeg
    Info (12023): Found entity 1: contadorSeg
Info (12021): Found 2 design units, including 1 entities, in source file /altera/13.1/componentes/div_frec/div_frec.vhd
    Info (12022): Found design unit 1: div_frec-arch_div_frec
    Info (12023): Found entity 1: div_frec
Info (12021): Found 2 design units, including 1 entities, in source file /altera/13.1/detectorsenal/detectorsenal.vhd
    Info (12022): Found design unit 1: detectorSenal-arch_detectorSenal
    Info (12023): Found entity 1: detectorSenal
Info (12021): Found 2 design units, including 1 entities, in source file /altera/13.1/vhdl/contadorpersonas/contadorpersonas.vhd
    Info (12022): Found design unit 1: contadorPersonas-arch_contadorPersonas
    Info (12023): Found entity 1: contadorPersonas
Info (12021): Found 2 design units, including 1 entities, in source file /altera/13.1/componentes/sensorpersonas/sensorpersonas.vhd
    Info (12022): Found design unit 1: sensorPersonas-arch_sensorPersonas
    Info (12023): Found entity 1: sensorPersonas
Info (12021): Found 2 design units, including 1 entities, in source file /altera/13.1/componentes/restador/restador.vhd
    Info (12022): Found design unit 1: restador-arch_restador
    Info (12023): Found entity 1: restador
Info (12021): Found 2 design units, including 1 entities, in source file /altera/13.1/componentes/comparadornbits/comparadornbits.vhd
    Info (12022): Found design unit 1: comparadorNbits-arch_comparadorNbits
    Info (12023): Found entity 1: comparadorNbits
Info (12021): Found 2 design units, including 1 entities, in source file /altera/13.1/vhdl/registros/registros.vhd
    Info (12022): Found design unit 1: registros-arch_registros
    Info (12023): Found entity 1: registros
Info (12021): Found 2 design units, including 1 entities, in source file /altera/13.1/vhdl/detectorpiso/detectorpiso.vhd
    Info (12022): Found design unit 1: detectorPiso-arch_detectorPiso
    Info (12023): Found entity 1: detectorPiso
Info (12021): Found 2 design units, including 1 entities, in source file /altera/13.1/vhdl/controlpuerta/controlpuerta.vhd
    Info (12022): Found design unit 1: controlPuerta-arch_controlPuerta
    Info (12023): Found entity 1: controlPuerta
Info (12021): Found 2 design units, including 1 entities, in source file /altera/13.1/vhdl/control/control.vhd
    Info (12022): Found design unit 1: control-arch_control
    Info (12023): Found entity 1: control
Info (12021): Found 2 design units, including 1 entities, in source file ascensor.vhd
    Info (12022): Found design unit 1: ascensor-arch_ascensor
    Info (12023): Found entity 1: ascensor
Info (12127): Elaborating entity "ascensor" for the top level hierarchy
Warning (10036): Verilog HDL or VHDL warning at ascensor.vhd(28): object "SIN" assigned a value but never read
Info (12128): Elaborating entity "registros" for hierarchy "registros:U1"
Warning (10036): Verilog HDL or VHDL warning at registros.vhd(26): object "sinUso" assigned a value but never read
Info (12128): Elaborating entity "codificador" for hierarchy "registros:U1|codificador:U1"
Info (12128): Elaborating entity "detectorSenal" for hierarchy "registros:U1|detectorSenal:U2"
Info (12128): Elaborating entity "detectorPiso" for hierarchy "detectorPiso:U2"
Warning (10492): VHDL Process Statement warning at detectorPiso.vhd(29): signal "clk" is read inside the Process Statement but isn't in the Process Statement's sensitivity list
Info (12128): Elaborating entity "div_frec" for hierarchy "div_frec:U6"
Info (12128): Elaborating entity "control" for hierarchy "control:U3"
Warning (10036): Verilog HDL or VHDL warning at control.vhd(33): object "SIN" assigned a value but never read
Warning (10036): Verilog HDL or VHDL warning at control.vhd(33): object "SIN2" assigned a value but never read
Warning (10036): Verilog HDL or VHDL warning at control.vhd(33): object "SIN3" assigned a value but never read
Warning (10036): Verilog HDL or VHDL warning at control.vhd(33): object "SIN4" assigned a value but never read
Warning (10036): Verilog HDL or VHDL warning at control.vhd(33): object "SIN5" assigned a value but never read
Warning (10036): Verilog HDL or VHDL warning at control.vhd(33): object "SIN6" assigned a value but never read
Info (12128): Elaborating entity "restador" for hierarchy "control:U3|restador:U1"
Info (12128): Elaborating entity "comparadorNbits" for hierarchy "control:U3|comparadorNbits:U3"
Info (12128): Elaborating entity "sensorPersonas" for hierarchy "control:U3|sensorPersonas:U6"
Info (12128): Elaborating entity "contadorPersonas" for hierarchy "control:U3|contadorPersonas:U7"
Info (12128): Elaborating entity "controlPuerta" for hierarchy "controlPuerta:U4"
Warning (10036): Verilog HDL or VHDL warning at controlPuerta.vhd(27): object "SIN" assigned a value but never read
Warning (10036): Verilog HDL or VHDL warning at controlPuerta.vhd(27): object "SIN2" assigned a value but never read
Warning (10036): Verilog HDL or VHDL warning at controlPuerta.vhd(27): object "SIN3" assigned a value but never read
Warning (10036): Verilog HDL or VHDL warning at controlPuerta.vhd(27): object "SIN4" assigned a value but never read
Warning (10036): Verilog HDL or VHDL warning at controlPuerta.vhd(27): object "SIN5" assigned a value but never read
Warning (10036): Verilog HDL or VHDL warning at controlPuerta.vhd(27): object "SIN6" assigned a value but never read
Info (12128): Elaborating entity "detectorCambio" for hierarchy "controlPuerta:U4|detectorCambio:U1"
Info (12128): Elaborating entity "contadorSeg" for hierarchy "controlPuerta:U4|contadorSeg:U3"
Info (12128): Elaborating entity "comparadorNbits" for hierarchy "controlPuerta:U4|comparadorNbits:U4"
Info (12128): Elaborating entity "deco7seg" for hierarchy "deco7seg:U5"
Info (286030): Timing-Driven Synthesis is running
Warning (20013): Ignored assignments for entity "DE0_Default" -- entity does not exist in design
    Warning (20014): Assignment for entity set_global_assignment -name LL_ROOT_REGION ON -entity DE0_Default -section_id "Root Region" was ignored
    Warning (20014): Assignment for entity set_global_assignment -name LL_MEMBER_STATE LOCKED -entity DE0_Default -section_id "Root Region" was ignored
    Warning (20014): Assignment for entity set_global_assignment -name LL_ROUTING_REGION OFF -entity DE0_Default -section_id "Root Region" was ignored
    Warning (20014): Assignment for entity set_instance_assignment -name PARTITION_HIERARCHY root_partition -to | -entity DE0_Default -section_id Top was ignored
    Warning (20014): Assignment for entity set_global_assignment -name PARTITION_NETLIST_TYPE SOURCE -entity DE0_Default -section_id Top was ignored
    Warning (20014): Assignment for entity set_global_assignment -name PARTITION_PRESERVE_HIGH_SPEED_TILES ON -entity DE0_Default -section_id Top was ignored
    Warning (20014): Assignment for entity set_global_assignment -name PARTITION_IGNORE_SOURCE_FILE_CHANGES OFF -entity DE0_Default -section_id Top was ignored
    Warning (20014): Assignment for entity set_global_assignment -name PARTITION_ALWAYS_USE_QXP_NETLIST OFF -entity DE0_Default -section_id Top was ignored
    Warning (20014): Assignment for entity set_global_assignment -name PARTITION_COLOR 14622752 -entity DE0_Default -section_id Top was ignored
    Warning (20014): Assignment for entity set_global_assignment -name PARTITION_IMPORT_ASSIGNMENTS ON -entity DE0_Default -section_id Top was ignored
    Warning (20014): Assignment for entity set_global_assignment -name PARTITION_IMPORT_EXISTING_ASSIGNMENTS REPLACE_CONFLICTING -entity DE0_Default -section_id Top was ignored
    Warning (20014): Assignment for entity set_global_assignment -name PARTITION_IMPORT_EXISTING_LOGICLOCK_REGIONS UPDATE_CONFLICTING -entity DE0_Default -section_id Top was ignored
    Warning (20014): Assignment for entity set_global_assignment -name PARTITION_IMPORT_PIN_ASSIGNMENTS ON -entity DE0_Default -section_id Top was ignored
    Warning (20014): Assignment for entity set_global_assignment -name PARTITION_IMPORT_PROMOTE_ASSIGNMENTS ON -entity DE0_Default -section_id Top was ignored
    Warning (20014): Assignment for entity set_global_assignment -name PARTITION_TYPE STANDARD_PARTITION -entity DE0_Default -section_id Top was ignored
    Warning (20014): Assignment for entity set_global_assignment -name ALLOW_MULTIPLE_PERSONAS OFF -entity DE0_Default -section_id Top was ignored
    Warning (20014): Assignment for entity set_global_assignment -name PARTITION_ASD_REGION_ID 1 -entity DE0_Default -section_id Top was ignored
    Warning (20014): Assignment for entity set_global_assignment -name CROSS_BOUNDARY_OPTIMIZATIONS OFF -entity DE0_Default -section_id Top was ignored
    Warning (20014): Assignment for entity set_global_assignment -name PROPAGATE_CONSTANTS_ON_INPUTS ON -entity DE0_Default -section_id Top was ignored
    Warning (20014): Assignment for entity set_global_assignment -name PROPAGATE_INVERSIONS_ON_INPUTS ON -entity DE0_Default -section_id Top was ignored
    Warning (20014): Assignment for entity set_global_assignment -name REMOVE_LOGIC_ON_UNCONNECTED_OUTPUTS ON -entity DE0_Default -section_id Top was ignored
    Warning (20014): Assignment for entity set_global_assignment -name MERGE_EQUIVALENT_INPUTS ON -entity DE0_Default -section_id Top was ignored
    Warning (20014): Assignment for entity set_global_assignment -name MERGE_EQUIVALENT_BIDIRS ON -entity DE0_Default -section_id Top was ignored
    Warning (20014): Assignment for entity set_global_assignment -name ABSORB_PATHS_FROM_OUTPUTS_TO_INPUTS ON -entity DE0_Default -section_id Top was ignored
    Warning (20014): Assignment for entity set_global_assignment -name PARTITION_EXTRACT_HARD_BLOCK_NODES ON -entity DE0_Default -section_id Top was ignored
    Warning (20014): Assignment for entity set_global_assignment -name PARTITION_ENABLE_STRICT_PRESERVATION OFF -entity DE0_Default -section_id Top was ignored
Warning (20013): Ignored assignments for entity "Lab3a_s1" -- entity does not exist in design
    Warning (20014): Assignment for entity set_instance_assignment -name PARTITION_HIERARCHY root_partition -to | -entity Lab3a_s1 -section_id Top was ignored
    Warning (20014): Assignment for entity set_global_assignment -name PARTITION_NETLIST_TYPE SOURCE -entity Lab3a_s1 -section_id Top was ignored
    Warning (20014): Assignment for entity set_global_assignment -name PARTITION_FITTER_PRESERVATION_LEVEL PLACEMENT_AND_ROUTING -entity Lab3a_s1 -section_id Top was ignored
    Warning (20014): Assignment for entity set_global_assignment -name PARTITION_PRESERVE_HIGH_SPEED_TILES ON -entity Lab3a_s1 -section_id Top was ignored
    Warning (20014): Assignment for entity set_global_assignment -name PARTITION_IGNORE_SOURCE_FILE_CHANGES OFF -entity Lab3a_s1 -section_id Top was ignored
    Warning (20014): Assignment for entity set_global_assignment -name PARTITION_ALWAYS_USE_QXP_NETLIST OFF -entity Lab3a_s1 -section_id Top was ignored
    Warning (20014): Assignment for entity set_global_assignment -name PARTITION_COLOR 16764057 -entity Lab3a_s1 -section_id Top was ignored
    Warning (20014): Assignment for entity set_global_assignment -name PARTITION_IMPORT_ASSIGNMENTS ON -entity Lab3a_s1 -section_id Top was ignored
    Warning (20014): Assignment for entity set_global_assignment -name PARTITION_IMPORT_EXISTING_ASSIGNMENTS REPLACE_CONFLICTING -entity Lab3a_s1 -section_id Top was ignored
    Warning (20014): Assignment for entity set_global_assignment -name PARTITION_IMPORT_EXISTING_LOGICLOCK_REGIONS UPDATE_CONFLICTING -entity Lab3a_s1 -section_id Top was ignored
    Warning (20014): Assignment for entity set_global_assignment -name PARTITION_IMPORT_PIN_ASSIGNMENTS ON -entity Lab3a_s1 -section_id Top was ignored
    Warning (20014): Assignment for entity set_global_assignment -name PARTITION_IMPORT_PROMOTE_ASSIGNMENTS ON -entity Lab3a_s1 -section_id Top was ignored
    Warning (20014): Assignment for entity set_global_assignment -name PARTITION_TYPE STANDARD_PARTITION -entity Lab3a_s1 -section_id Top was ignored
    Warning (20014): Assignment for entity set_global_assignment -name ALLOW_MULTIPLE_PERSONAS OFF -entity Lab3a_s1 -section_id Top was ignored
    Warning (20014): Assignment for entity set_global_assignment -name PARTITION_ASD_REGION_ID 1 -entity Lab3a_s1 -section_id Top was ignored
    Warning (20014): Assignment for entity set_global_assignment -name CROSS_BOUNDARY_OPTIMIZATIONS OFF -entity Lab3a_s1 -section_id Top was ignored
    Warning (20014): Assignment for entity set_global_assignment -name PROPAGATE_CONSTANTS_ON_INPUTS ON -entity Lab3a_s1 -section_id Top was ignored
    Warning (20014): Assignment for entity set_global_assignment -name PROPAGATE_INVERSIONS_ON_INPUTS ON -entity Lab3a_s1 -section_id Top was ignored
    Warning (20014): Assignment for entity set_global_assignment -name REMOVE_LOGIC_ON_UNCONNECTED_OUTPUTS ON -entity Lab3a_s1 -section_id Top was ignored
    Warning (20014): Assignment for entity set_global_assignment -name MERGE_EQUIVALENT_INPUTS ON -entity Lab3a_s1 -section_id Top was ignored
    Warning (20014): Assignment for entity set_global_assignment -name MERGE_EQUIVALENT_BIDIRS ON -entity Lab3a_s1 -section_id Top was ignored
    Warning (20014): Assignment for entity set_global_assignment -name ABSORB_PATHS_FROM_OUTPUTS_TO_INPUTS ON -entity Lab3a_s1 -section_id Top was ignored
    Warning (20014): Assignment for entity set_global_assignment -name PARTITION_EXTRACT_HARD_BLOCK_NODES ON -entity Lab3a_s1 -section_id Top was ignored
    Warning (20014): Assignment for entity set_global_assignment -name PARTITION_ENABLE_STRICT_PRESERVATION OFF -entity Lab3a_s1 -section_id Top was ignored
Warning (20013): Ignored assignments for entity "Lab3b" -- entity does not exist in design
    Warning (20014): Assignment for entity set_instance_assignment -name PARTITION_HIERARCHY root_partition -to | -entity Lab3b -section_id Top was ignored
    Warning (20014): Assignment for entity set_global_assignment -name PARTITION_NETLIST_TYPE SOURCE -entity Lab3b -section_id Top was ignored
    Warning (20014): Assignment for entity set_global_assignment -name PARTITION_FITTER_PRESERVATION_LEVEL PLACEMENT_AND_ROUTING -entity Lab3b -section_id Top was ignored
    Warning (20014): Assignment for entity set_global_assignment -name PARTITION_PRESERVE_HIGH_SPEED_TILES ON -entity Lab3b -section_id Top was ignored
    Warning (20014): Assignment for entity set_global_assignment -name PARTITION_IGNORE_SOURCE_FILE_CHANGES OFF -entity Lab3b -section_id Top was ignored
    Warning (20014): Assignment for entity set_global_assignment -name PARTITION_ALWAYS_USE_QXP_NETLIST OFF -entity Lab3b -section_id Top was ignored
    Warning (20014): Assignment for entity set_global_assignment -name PARTITION_COLOR 16764057 -entity Lab3b -section_id Top was ignored
    Warning (20014): Assignment for entity set_global_assignment -name PARTITION_IMPORT_ASSIGNMENTS ON -entity Lab3b -section_id Top was ignored
    Warning (20014): Assignment for entity set_global_assignment -name PARTITION_IMPORT_EXISTING_ASSIGNMENTS REPLACE_CONFLICTING -entity Lab3b -section_id Top was ignored
    Warning (20014): Assignment for entity set_global_assignment -name PARTITION_IMPORT_EXISTING_LOGICLOCK_REGIONS UPDATE_CONFLICTING -entity Lab3b -section_id Top was ignored
    Warning (20014): Assignment for entity set_global_assignment -name PARTITION_IMPORT_PIN_ASSIGNMENTS ON -entity Lab3b -section_id Top was ignored
    Warning (20014): Assignment for entity set_global_assignment -name PARTITION_IMPORT_PROMOTE_ASSIGNMENTS ON -entity Lab3b -section_id Top was ignored
    Warning (20014): Assignment for entity set_global_assignment -name PARTITION_TYPE STANDARD_PARTITION -entity Lab3b -section_id Top was ignored
    Warning (20014): Assignment for entity set_global_assignment -name ALLOW_MULTIPLE_PERSONAS OFF -entity Lab3b -section_id Top was ignored
    Warning (20014): Assignment for entity set_global_assignment -name PARTITION_ASD_REGION_ID 1 -entity Lab3b -section_id Top was ignored
    Warning (20014): Assignment for entity set_global_assignment -name CROSS_BOUNDARY_OPTIMIZATIONS OFF -entity Lab3b -section_id Top was ignored
    Warning (20014): Assignment for entity set_global_assignment -name PROPAGATE_CONSTANTS_ON_INPUTS ON -entity Lab3b -section_id Top was ignored
    Warning (20014): Assignment for entity set_global_assignment -name PROPAGATE_INVERSIONS_ON_INPUTS ON -entity Lab3b -section_id Top was ignored
    Warning (20014): Assignment for entity set_global_assignment -name REMOVE_LOGIC_ON_UNCONNECTED_OUTPUTS ON -entity Lab3b -section_id Top was ignored
    Warning (20014): Assignment for entity set_global_assignment -name MERGE_EQUIVALENT_INPUTS ON -entity Lab3b -section_id Top was ignored
    Warning (20014): Assignment for entity set_global_assignment -name MERGE_EQUIVALENT_BIDIRS ON -entity Lab3b -section_id Top was ignored
    Warning (20014): Assignment for entity set_global_assignment -name ABSORB_PATHS_FROM_OUTPUTS_TO_INPUTS ON -entity Lab3b -section_id Top was ignored
    Warning (20014): Assignment for entity set_global_assignment -name PARTITION_EXTRACT_HARD_BLOCK_NODES ON -entity Lab3b -section_id Top was ignored
    Warning (20014): Assignment for entity set_global_assignment -name PARTITION_ENABLE_STRICT_PRESERVATION OFF -entity Lab3b -section_id Top was ignored
Info (16010): Generating hard_block partition "hard_block:auto_generated_inst"
    Info (16011): Adding 0 node(s), including 0 DDIO, 0 PLL, 0 transceiver and 0 LCELL
Info (21057): Implemented 235 device resources after synthesis - the final resource count might be different
    Info (21058): Implemented 18 input pins
    Info (21059): Implemented 10 output pins
    Info (21061): Implemented 207 logic cells
Info: Quartus II 64-Bit Analysis & Synthesis was successful. 0 errors, 92 warnings
    Info: Peak virtual memory: 4711 megabytes
    Info: Processing ended: Thu Mar 27 17:26:08 2025
    Info: Elapsed time: 00:00:02
    Info: Total CPU time (on all processors): 00:00:01


