Analysis & Synthesis report for controlPuerta
Mon Mar 31 13:30:52 2025
Quartus II 64-Bit Version 13.1.0 Build 162 10/23/2013 SJ Web Edition


---------------------
; Table of Contents ;
---------------------
  1. Legal Notice
  2. Analysis & Synthesis Summary
  3. Analysis & Synthesis Settings
  4. Parallel Compilation
  5. Analysis & Synthesis Source Files Read
  6. Analysis & Synthesis Resource Usage Summary
  7. Analysis & Synthesis Resource Utilization by Entity
  8. General Register Statistics
  9. Inverted Register Statistics
 10. Multiplexer Restructuring Statistics (Restructuring Performed)
 11. Parameter Settings for User Entity Instance: contadorGenerico:U3
 12. Parameter Settings for User Entity Instance: contadorGenerico:U4
 13. Parameter Settings for User Entity Instance: comparadorNbits:U5
 14. Parameter Settings for User Entity Instance: comparadorNbits:U6
 15. Port Connectivity Checks: "div_frec:U9"
 16. Port Connectivity Checks: "comparadorNbits:U6"
 17. Port Connectivity Checks: "comparadorNbits:U5"
 18. Port Connectivity Checks: "contadorGenerico:U4"
 19. Port Connectivity Checks: "contadorGenerico:U3"
 20. Elapsed Time Per Partition
 21. Analysis & Synthesis Messages



----------------
; Legal Notice ;
----------------
Copyright (C) 1991-2013 Altera Corporation
Your use of Altera Corporation's design tools, logic functions 
and other software and tools, and its AMPP partner logic 
functions, and any output files from any of the foregoing 
(including device programming or simulation files), and any 
associated documentation or information are expressly subject 
to the terms and conditions of the Altera Program License 
Subscription Agreement, Altera MegaCore Function License 
Agreement, or other applicable license agreement, including, 
without limitation, that your use is for the sole purpose of 
programming logic devices manufactured by Altera and sold by 
Altera or its authorized distributors.  Please refer to the 
applicable agreement for further details.



+---------------------------------------------------------------------------------+
; Analysis & Synthesis Summary                                                    ;
+------------------------------------+--------------------------------------------+
; Analysis & Synthesis Status        ; Successful - Mon Mar 31 13:30:52 2025      ;
; Quartus II 64-Bit Version          ; 13.1.0 Build 162 10/23/2013 SJ Web Edition ;
; Revision Name                      ; controlPuerta                              ;
; Top-level Entity Name              ; controlPuerta                              ;
; Family                             ; Cyclone III                                ;
; Total logic elements               ; 87                                         ;
;     Total combinational functions  ; 86                                         ;
;     Dedicated logic registers      ; 49                                         ;
; Total registers                    ; 49                                         ;
; Total pins                         ; 18                                         ;
; Total virtual pins                 ; 0                                          ;
; Total memory bits                  ; 0                                          ;
; Embedded Multiplier 9-bit elements ; 0                                          ;
; Total PLLs                         ; 0                                          ;
+------------------------------------+--------------------------------------------+


+----------------------------------------------------------------------------------------------------------------------+
; Analysis & Synthesis Settings                                                                                        ;
+----------------------------------------------------------------------------+--------------------+--------------------+
; Option                                                                     ; Setting            ; Default Value      ;
+----------------------------------------------------------------------------+--------------------+--------------------+
; Device                                                                     ; EP3C16F484C6       ;                    ;
; Top-level entity name                                                      ; controlPuerta      ; controlPuerta      ;
; Family name                                                                ; Cyclone III        ; Cyclone IV GX      ;
; Use smart compilation                                                      ; Off                ; Off                ;
; Enable parallel Assembler and TimeQuest Timing Analyzer during compilation ; On                 ; On                 ;
; Enable compact report table                                                ; Off                ; Off                ;
; Restructure Multiplexers                                                   ; Auto               ; Auto               ;
; Create Debugging Nodes for IP Cores                                        ; Off                ; Off                ;
; Preserve fewer node names                                                  ; On                 ; On                 ;
; Disable OpenCore Plus hardware evaluation                                  ; Off                ; Off                ;
; Verilog Version                                                            ; Verilog_2001       ; Verilog_2001       ;
; VHDL Version                                                               ; VHDL_1993          ; VHDL_1993          ;
; State Machine Processing                                                   ; Auto               ; Auto               ;
; Safe State Machine                                                         ; Off                ; Off                ;
; Extract Verilog State Machines                                             ; On                 ; On                 ;
; Extract VHDL State Machines                                                ; On                 ; On                 ;
; Ignore Verilog initial constructs                                          ; Off                ; Off                ;
; Iteration limit for constant Verilog loops                                 ; 5000               ; 5000               ;
; Iteration limit for non-constant Verilog loops                             ; 250                ; 250                ;
; Add Pass-Through Logic to Inferred RAMs                                    ; On                 ; On                 ;
; Infer RAMs from Raw Logic                                                  ; On                 ; On                 ;
; Parallel Synthesis                                                         ; On                 ; On                 ;
; DSP Block Balancing                                                        ; Auto               ; Auto               ;
; NOT Gate Push-Back                                                         ; On                 ; On                 ;
; Power-Up Don't Care                                                        ; On                 ; On                 ;
; Remove Redundant Logic Cells                                               ; Off                ; Off                ;
; Remove Duplicate Registers                                                 ; On                 ; On                 ;
; Ignore CARRY Buffers                                                       ; Off                ; Off                ;
; Ignore CASCADE Buffers                                                     ; Off                ; Off                ;
; Ignore GLOBAL Buffers                                                      ; Off                ; Off                ;
; Ignore ROW GLOBAL Buffers                                                  ; Off                ; Off                ;
; Ignore LCELL Buffers                                                       ; Off                ; Off                ;
; Ignore SOFT Buffers                                                        ; On                 ; On                 ;
; Limit AHDL Integers to 32 Bits                                             ; Off                ; Off                ;
; Optimization Technique                                                     ; Balanced           ; Balanced           ;
; Carry Chain Length                                                         ; 70                 ; 70                 ;
; Auto Carry Chains                                                          ; On                 ; On                 ;
; Auto Open-Drain Pins                                                       ; On                 ; On                 ;
; Perform WYSIWYG Primitive Resynthesis                                      ; Off                ; Off                ;
; Auto ROM Replacement                                                       ; On                 ; On                 ;
; Auto RAM Replacement                                                       ; On                 ; On                 ;
; Auto DSP Block Replacement                                                 ; On                 ; On                 ;
; Auto Shift Register Replacement                                            ; Auto               ; Auto               ;
; Allow Shift Register Merging across Hierarchies                            ; Auto               ; Auto               ;
; Auto Clock Enable Replacement                                              ; On                 ; On                 ;
; Strict RAM Replacement                                                     ; Off                ; Off                ;
; Allow Synchronous Control Signals                                          ; On                 ; On                 ;
; Force Use of Synchronous Clear Signals                                     ; Off                ; Off                ;
; Auto RAM Block Balancing                                                   ; On                 ; On                 ;
; Auto RAM to Logic Cell Conversion                                          ; Off                ; Off                ;
; Auto Resource Sharing                                                      ; Off                ; Off                ;
; Allow Any RAM Size For Recognition                                         ; Off                ; Off                ;
; Allow Any ROM Size For Recognition                                         ; Off                ; Off                ;
; Allow Any Shift Register Size For Recognition                              ; Off                ; Off                ;
; Use LogicLock Constraints during Resource Balancing                        ; On                 ; On                 ;
; Ignore translate_off and synthesis_off directives                          ; Off                ; Off                ;
; Timing-Driven Synthesis                                                    ; On                 ; On                 ;
; Report Parameter Settings                                                  ; On                 ; On                 ;
; Report Source Assignments                                                  ; On                 ; On                 ;
; Report Connectivity Checks                                                 ; On                 ; On                 ;
; Ignore Maximum Fan-Out Assignments                                         ; Off                ; Off                ;
; Synchronization Register Chain Length                                      ; 2                  ; 2                  ;
; PowerPlay Power Optimization                                               ; Normal compilation ; Normal compilation ;
; HDL message level                                                          ; Level2             ; Level2             ;
; Suppress Register Optimization Related Messages                            ; Off                ; Off                ;
; Number of Removed Registers Reported in Synthesis Report                   ; 5000               ; 5000               ;
; Number of Swept Nodes Reported in Synthesis Report                         ; 5000               ; 5000               ;
; Number of Inverted Registers Reported in Synthesis Report                  ; 100                ; 100                ;
; Clock MUX Protection                                                       ; On                 ; On                 ;
; Auto Gated Clock Conversion                                                ; Off                ; Off                ;
; Block Design Naming                                                        ; Auto               ; Auto               ;
; SDC constraint protection                                                  ; Off                ; Off                ;
; Synthesis Effort                                                           ; Auto               ; Auto               ;
; Shift Register Replacement - Allow Asynchronous Clear Signal               ; On                 ; On                 ;
; Pre-Mapping Resynthesis Optimization                                       ; Off                ; Off                ;
; Analysis & Synthesis Message Level                                         ; Medium             ; Medium             ;
; Disable Register Merging Across Hierarchies                                ; Auto               ; Auto               ;
; Resource Aware Inference For Block RAM                                     ; On                 ; On                 ;
; Synthesis Seed                                                             ; 1                  ; 1                  ;
+----------------------------------------------------------------------------+--------------------+--------------------+


+------------------------------------------+
; Parallel Compilation                     ;
+----------------------------+-------------+
; Processors                 ; Number      ;
+----------------------------+-------------+
; Number detected on machine ; 12          ;
; Maximum allowed            ; 10          ;
;                            ;             ;
; Average used               ; 1.00        ;
; Maximum used               ; 1           ;
;                            ;             ;
; Usage by Processor         ; % Time Used ;
;     Processor 1            ; 100.0%      ;
;     Processors 2-12        ;   0.0%      ;
+----------------------------+-------------+


+--------------------------------------------------------------------------------------------------------------------------------------------------------------------+
; Analysis & Synthesis Source Files Read                                                                                                                             ;
+--------------------------------------------+-----------------+-----------------+-------------------------------------------------------------------------+---------+
; File Name with User-Entered Path           ; Used in Netlist ; File Type       ; File Name with Absolute Path                                            ; Library ;
+--------------------------------------------+-----------------+-----------------+-------------------------------------------------------------------------+---------+
; ../div_frec/div_frec.vhd                   ; yes             ; User VHDL File  ; C:/altera/13.1/archivosAscensor/div_frec/div_frec.vhd                   ;         ;
; ../comparadorNbits/comparadorNbits.vhd     ; yes             ; User VHDL File  ; C:/altera/13.1/archivosAscensor/comparadorNbits/comparadorNbits.vhd     ;         ;
; ../contadorGenerico/contadorGenerico.vhd   ; yes             ; User VHDL File  ; C:/altera/13.1/archivosAscensor/contadorGenerico/contadorGenerico.vhd   ;         ;
; ../capturarLlego/capturarLlego.vhd         ; yes             ; User VHDL File  ; C:/altera/13.1/archivosAscensor/capturarLlego/capturarLlego.vhd         ;         ;
; ../controlContadores/controlContadores.vhd ; yes             ; User VHDL File  ; C:/altera/13.1/archivosAscensor/controlContadores/controlContadores.vhd ;         ;
; controlPuerta.vhd                          ; yes             ; User VHDL File  ; C:/altera/13.1/archivosAscensor/controlPuerta/controlPuerta.vhd         ;         ;
+--------------------------------------------+-----------------+-----------------+-------------------------------------------------------------------------+---------+


+---------------------------------------------------------+
; Analysis & Synthesis Resource Usage Summary             ;
+---------------------------------------------+-----------+
; Resource                                    ; Usage     ;
+---------------------------------------------+-----------+
; Estimated Total logic elements              ; 87        ;
;                                             ;           ;
; Total combinational functions               ; 86        ;
; Logic element usage by number of LUT inputs ;           ;
;     -- 4 input functions                    ; 43        ;
;     -- 3 input functions                    ; 4         ;
;     -- <=2 input functions                  ; 39        ;
;                                             ;           ;
; Logic elements by mode                      ;           ;
;     -- normal mode                          ; 52        ;
;     -- arithmetic mode                      ; 34        ;
;                                             ;           ;
; Total registers                             ; 49        ;
;     -- Dedicated logic registers            ; 49        ;
;     -- I/O registers                        ; 0         ;
;                                             ;           ;
; I/O pins                                    ; 18        ;
; Embedded Multiplier 9-bit elements          ; 0         ;
; Maximum fan-out node                        ; clk~input ;
; Maximum fan-out                             ; 37        ;
; Total fan-out                               ; 403       ;
; Average fan-out                             ; 2.36      ;
+---------------------------------------------+-----------+


+---------------------------------------------------------------------------------------------------------------------------------------------------------------------------------------------+
; Analysis & Synthesis Resource Utilization by Entity                                                                                                                                         ;
+----------------------------+-------------------+--------------+-------------+--------------+---------+-----------+------+--------------+-------------------------------------+--------------+
; Compilation Hierarchy Node ; LC Combinationals ; LC Registers ; Memory Bits ; DSP Elements ; DSP 9x9 ; DSP 18x18 ; Pins ; Virtual Pins ; Full Hierarchy Name                 ; Library Name ;
+----------------------------+-------------------+--------------+-------------+--------------+---------+-----------+------+--------------+-------------------------------------+--------------+
; |controlPuerta             ; 86 (1)            ; 49 (0)       ; 0           ; 0            ; 0       ; 0         ; 18   ; 0            ; |controlPuerta                      ; work         ;
;    |capturarLlego:U2|      ; 1 (1)             ; 2 (2)        ; 0           ; 0            ; 0       ; 0         ; 0    ; 0            ; |controlPuerta|capturarLlego:U2     ; work         ;
;    |capturarLlego:U7|      ; 1 (1)             ; 2 (2)        ; 0           ; 0            ; 0       ; 0         ; 0    ; 0            ; |controlPuerta|capturarLlego:U7     ; work         ;
;    |capturarLlego:U8|      ; 1 (1)             ; 2 (2)        ; 0           ; 0            ; 0       ; 0         ; 0    ; 0            ; |controlPuerta|capturarLlego:U8     ; work         ;
;    |contadorGenerico:U3|   ; 11 (11)           ; 6 (6)        ; 0           ; 0            ; 0       ; 0         ; 0    ; 0            ; |controlPuerta|contadorGenerico:U3  ; work         ;
;    |contadorGenerico:U4|   ; 11 (11)           ; 6 (6)        ; 0           ; 0            ; 0       ; 0         ; 0    ; 0            ; |controlPuerta|contadorGenerico:U4  ; work         ;
;    |controlContadores:U1|  ; 12 (12)           ; 5 (5)        ; 0           ; 0            ; 0       ; 0         ; 0    ; 0            ; |controlPuerta|controlContadores:U1 ; work         ;
;    |div_frec:U9|           ; 48 (48)           ; 26 (26)      ; 0           ; 0            ; 0       ; 0         ; 0    ; 0            ; |controlPuerta|div_frec:U9          ; work         ;
+----------------------------+-------------------+--------------+-------------+--------------+---------+-----------+------+--------------+-------------------------------------+--------------+
Note: For table entries with two numbers listed, the numbers in parentheses indicate the number of resources of the given type used by the specific entity alone. The numbers listed outside of parentheses indicate the total resources of the given type used by the specific entity and all of its sub-entities in the hierarchy.


+------------------------------------------------------+
; General Register Statistics                          ;
+----------------------------------------------+-------+
; Statistic                                    ; Value ;
+----------------------------------------------+-------+
; Total registers                              ; 49    ;
; Number of registers using Synchronous Clear  ; 0     ;
; Number of registers using Synchronous Load   ; 0     ;
; Number of registers using Asynchronous Clear ; 12    ;
; Number of registers using Asynchronous Load  ; 0     ;
; Number of registers using Clock Enable       ; 2     ;
; Number of registers using Preset             ; 0     ;
+----------------------------------------------+-------+


+--------------------------------------------------+
; Inverted Register Statistics                     ;
+----------------------------------------+---------+
; Inverted Register                      ; Fan out ;
+----------------------------------------+---------+
; controlContadores:U1|reset1_reg        ; 6       ;
; controlContadores:U1|reset2_reg        ; 6       ;
; Total number of inverted registers = 2 ;         ;
+----------------------------------------+---------+


+--------------------------------------------------------------------------------------------------------------------------------------------------------------+
; Multiplexer Restructuring Statistics (Restructuring Performed)                                                                                               ;
+--------------------+-----------+---------------+----------------------+------------------------+------------+------------------------------------------------+
; Multiplexer Inputs ; Bus Width ; Baseline Area ; Area if Restructured ; Saving if Restructured ; Registered ; Example Multiplexer Output                     ;
+--------------------+-----------+---------------+----------------------+------------------------+------------+------------------------------------------------+
; 8:1                ; 2 bits    ; 10 LEs        ; 4 LEs                ; 6 LEs                  ; Yes        ; |controlPuerta|controlContadores:U1|stage[1]   ;
; 8:1                ; 2 bits    ; 10 LEs        ; 4 LEs                ; 6 LEs                  ; Yes        ; |controlPuerta|controlContadores:U1|reset1_reg ;
+--------------------+-----------+---------------+----------------------+------------------------+------------+------------------------------------------------+


+------------------------------------------------------------------+
; Parameter Settings for User Entity Instance: contadorGenerico:U3 ;
+----------------+-------+-----------------------------------------+
; Parameter Name ; Value ; Type                                    ;
+----------------+-------+-----------------------------------------+
; n              ; 6     ; Signed Integer                          ;
+----------------+-------+-----------------------------------------+
Note: In order to hide this table in the UI and the text report file, please set the "Show Parameter Settings in Synthesis Report" option in "Analysis and Synthesis Settings -> More Settings" to "Off".


+------------------------------------------------------------------+
; Parameter Settings for User Entity Instance: contadorGenerico:U4 ;
+----------------+-------+-----------------------------------------+
; Parameter Name ; Value ; Type                                    ;
+----------------+-------+-----------------------------------------+
; n              ; 6     ; Signed Integer                          ;
+----------------+-------+-----------------------------------------+
Note: In order to hide this table in the UI and the text report file, please set the "Show Parameter Settings in Synthesis Report" option in "Analysis and Synthesis Settings -> More Settings" to "Off".


+-----------------------------------------------------------------+
; Parameter Settings for User Entity Instance: comparadorNbits:U5 ;
+----------------+-------+----------------------------------------+
; Parameter Name ; Value ; Type                                   ;
+----------------+-------+----------------------------------------+
; n              ; 6     ; Signed Integer                         ;
+----------------+-------+----------------------------------------+
Note: In order to hide this table in the UI and the text report file, please set the "Show Parameter Settings in Synthesis Report" option in "Analysis and Synthesis Settings -> More Settings" to "Off".


+-----------------------------------------------------------------+
; Parameter Settings for User Entity Instance: comparadorNbits:U6 ;
+----------------+-------+----------------------------------------+
; Parameter Name ; Value ; Type                                   ;
+----------------+-------+----------------------------------------+
; n              ; 6     ; Signed Integer                         ;
+----------------+-------+----------------------------------------+
Note: In order to hide this table in the UI and the text report file, please set the "Show Parameter Settings in Synthesis Report" option in "Analysis and Synthesis Settings -> More Settings" to "Off".


+----------------------------------------------------------------------------------------------------------------+
; Port Connectivity Checks: "div_frec:U9"                                                                        ;
+------+--------+----------+-------------------------------------------------------------------------------------+
; Port ; Type   ; Severity ; Details                                                                             ;
+------+--------+----------+-------------------------------------------------------------------------------------+
; out1 ; Output ; Info     ; Connected to dangling logic. Logic that only feeds a dangling port will be removed. ;
+------+--------+----------+-------------------------------------------------------------------------------------+


+-------------------------------------------------------------------------------------------------------------------+
; Port Connectivity Checks: "comparadorNbits:U6"                                                                    ;
+---------+--------+----------+-------------------------------------------------------------------------------------+
; Port    ; Type   ; Severity ; Details                                                                             ;
+---------+--------+----------+-------------------------------------------------------------------------------------+
; b[5..4] ; Input  ; Info     ; Stuck at GND                                                                        ;
; b[3]    ; Input  ; Info     ; Stuck at VCC                                                                        ;
; b[2]    ; Input  ; Info     ; Stuck at GND                                                                        ;
; b[1]    ; Input  ; Info     ; Stuck at VCC                                                                        ;
; b[0]    ; Input  ; Info     ; Stuck at GND                                                                        ;
; amayb   ; Output ; Info     ; Connected to dangling logic. Logic that only feeds a dangling port will be removed. ;
; amenb   ; Output ; Info     ; Connected to dangling logic. Logic that only feeds a dangling port will be removed. ;
+---------+--------+----------+-------------------------------------------------------------------------------------+


+-------------------------------------------------------------------------------------------------------------------+
; Port Connectivity Checks: "comparadorNbits:U5"                                                                    ;
+---------+--------+----------+-------------------------------------------------------------------------------------+
; Port    ; Type   ; Severity ; Details                                                                             ;
+---------+--------+----------+-------------------------------------------------------------------------------------+
; b[1..0] ; Input  ; Info     ; Stuck at GND                                                                        ;
; b[5]    ; Input  ; Info     ; Stuck at GND                                                                        ;
; b[4]    ; Input  ; Info     ; Stuck at VCC                                                                        ;
; b[3]    ; Input  ; Info     ; Stuck at GND                                                                        ;
; b[2]    ; Input  ; Info     ; Stuck at VCC                                                                        ;
; amayb   ; Output ; Info     ; Connected to dangling logic. Logic that only feeds a dangling port will be removed. ;
; amenb   ; Output ; Info     ; Connected to dangling logic. Logic that only feeds a dangling port will be removed. ;
+---------+--------+----------+-------------------------------------------------------------------------------------+


+--------------------------------------------------+
; Port Connectivity Checks: "contadorGenerico:U4"  ;
+----------------+-------+----------+--------------+
; Port           ; Type  ; Severity ; Details      ;
+----------------+-------+----------+--------------+
; enable         ; Input ; Info     ; Stuck at VCC ;
; valorres[5..4] ; Input ; Info     ; Stuck at GND ;
; valorres[3]    ; Input ; Info     ; Stuck at VCC ;
; valorres[2]    ; Input ; Info     ; Stuck at GND ;
; valorres[1]    ; Input ; Info     ; Stuck at VCC ;
; valorres[0]    ; Input ; Info     ; Stuck at GND ;
+----------------+-------+----------+--------------+


+--------------------------------------------------+
; Port Connectivity Checks: "contadorGenerico:U3"  ;
+----------------+-------+----------+--------------+
; Port           ; Type  ; Severity ; Details      ;
+----------------+-------+----------+--------------+
; enable         ; Input ; Info     ; Stuck at VCC ;
; valorres[1..0] ; Input ; Info     ; Stuck at GND ;
; valorres[5]    ; Input ; Info     ; Stuck at GND ;
; valorres[4]    ; Input ; Info     ; Stuck at VCC ;
; valorres[3]    ; Input ; Info     ; Stuck at GND ;
; valorres[2]    ; Input ; Info     ; Stuck at VCC ;
+----------------+-------+----------+--------------+


+-------------------------------+
; Elapsed Time Per Partition    ;
+----------------+--------------+
; Partition Name ; Elapsed Time ;
+----------------+--------------+
; Top            ; 00:00:00     ;
+----------------+--------------+


+-------------------------------+
; Analysis & Synthesis Messages ;
+-------------------------------+
Info: *******************************************************************
Info: Running Quartus II 64-Bit Analysis & Synthesis
    Info: Version 13.1.0 Build 162 10/23/2013 SJ Web Edition
    Info: Processing started: Mon Mar 31 13:30:51 2025
Info: Command: quartus_map --read_settings_files=on --write_settings_files=off controlPuerta -c controlPuerta
Info (11104): Parallel Compilation has detected 12 hyper-threaded processors. However, the extra hyper-threaded processors will not be used by default. Parallel Compilation will use 10 of the 10 physical processors detected instead.
Info (12021): Found 2 design units, including 1 entities, in source file /altera/13.1/archivosascensor/div_frec/div_frec.vhd
    Info (12022): Found design unit 1: div_frec-arch_div_frec
    Info (12023): Found entity 1: div_frec
Info (12021): Found 2 design units, including 1 entities, in source file /altera/13.1/archivosascensor/comparadornbits/comparadornbits.vhd
    Info (12022): Found design unit 1: comparadorNbits-arch_comparadorNbits
    Info (12023): Found entity 1: comparadorNbits
Info (12021): Found 2 design units, including 1 entities, in source file /altera/13.1/archivosascensor/contadorgenerico/contadorgenerico.vhd
    Info (12022): Found design unit 1: contadorGenerico-arch_contadorGenerico
    Info (12023): Found entity 1: contadorGenerico
Info (12021): Found 2 design units, including 1 entities, in source file /altera/13.1/archivosascensor/capturarllego/capturarllego.vhd
    Info (12022): Found design unit 1: capturarLlego-arch_capturarLlego
    Info (12023): Found entity 1: capturarLlego
Info (12021): Found 2 design units, including 1 entities, in source file /altera/13.1/archivosascensor/controlcontadores/controlcontadores.vhd
    Info (12022): Found design unit 1: controlContadores-arch_controlContadores
    Info (12023): Found entity 1: controlContadores
Info (12021): Found 2 design units, including 1 entities, in source file controlpuerta.vhd
    Info (12022): Found design unit 1: controlPuerta-arch_controlPuerta
    Info (12023): Found entity 1: controlPuerta
Info (12127): Elaborating entity "controlPuerta" for the top level hierarchy
Warning (10036): Verilog HDL or VHDL warning at controlPuerta.vhd(26): object "sin" assigned a value but never read
Warning (10036): Verilog HDL or VHDL warning at controlPuerta.vhd(26): object "sin2" assigned a value but never read
Warning (10036): Verilog HDL or VHDL warning at controlPuerta.vhd(26): object "sin3" assigned a value but never read
Warning (10036): Verilog HDL or VHDL warning at controlPuerta.vhd(26): object "sin4" assigned a value but never read
Warning (10036): Verilog HDL or VHDL warning at controlPuerta.vhd(26): object "sin5" assigned a value but never read
Info (12128): Elaborating entity "controlContadores" for hierarchy "controlContadores:U1"
Info (12128): Elaborating entity "capturarLlego" for hierarchy "capturarLlego:U2"
Info (12128): Elaborating entity "contadorGenerico" for hierarchy "contadorGenerico:U3"
Info (12128): Elaborating entity "comparadorNbits" for hierarchy "comparadorNbits:U5"
Info (12128): Elaborating entity "div_frec" for hierarchy "div_frec:U9"
Info (286030): Timing-Driven Synthesis is running
Info (16010): Generating hard_block partition "hard_block:auto_generated_inst"
    Info (16011): Adding 0 node(s), including 0 DDIO, 0 PLL, 0 transceiver and 0 LCELL
Info (21057): Implemented 120 device resources after synthesis - the final resource count might be different
    Info (21058): Implemented 4 input pins
    Info (21059): Implemented 14 output pins
    Info (21061): Implemented 102 logic cells
Info: Quartus II 64-Bit Analysis & Synthesis was successful. 0 errors, 5 warnings
    Info: Peak virtual memory: 4708 megabytes
    Info: Processing ended: Mon Mar 31 13:30:52 2025
    Info: Elapsed time: 00:00:01
    Info: Total CPU time (on all processors): 00:00:01


